#
# There is insufficient memory for the Java Runtime Environment to continue.
# Native memory allocation (mmap) failed to map 132120576 bytes. Error detail: G1 virtual space
# Possible reasons:
#   The system is out of physical RAM or swap space
#   This process is running with CompressedOops enabled, and the Java Heap may be blocking the growth of the native heap
# Possible solutions:
#   Reduce memory load on the system
#   Increase physical memory or swap space
#   Check if swap backing store is full
#   Decrease Java heap size (-Xmx/-Xms)
#   Decrease number of Java threads
#   Decrease Java thread stack sizes (-Xss)
#   Set larger code cache with -XX:ReservedCodeCacheSize=
#   JVM is running with Unscaled Compressed Oops mode in which the Java heap is
#     placed in the first 4GB address space. The Java Heap base address is the
#     maximum limit for the native heap growth. Please use -XX:HeapBaseMinAddress
#     to set the Java Heap base and to place the Java Heap above 4GB virtual address.
# This output file may be truncated or incomplete.
#
#  Out of Memory Error (os_windows.cpp:3613), pid=22588, tid=18724
#
# JRE version:  (17.0.11+9) (build )
# Java VM: OpenJDK 64-Bit Server VM (17.0.11+9-LTS, mixed mode, sharing, tiered, compressed oops, compressed class ptrs, g1 gc, windows-amd64)
# No core dump will be written. Minidumps are not enabled by default on client versions of Windows
#

---------------  S U M M A R Y ------------

Command Line: C:\Users\arifk\AppData\Local\Temp\surefire12629845737112222516\surefirebooter-20250316131143513_3.jar C:\Users\arifk\AppData\Local\Temp\surefire12629845737112222516 2025-03-16T13-11-43_301-jvmRun1 surefire-20250316131143513_1tmp surefire_0-20250316131143513_2tmp

Host: Intel(R) Core(TM) i5-10300H CPU @ 2.50GHz, 8 cores, 7G,  Windows 11 , 64 bit Build 26100 (10.0.26100.3323)
Time: Sun Mar 16 13:11:45 2025 India Standard Time elapsed time: 2.023450 seconds (0d 0h 0m 2s)

---------------  T H R E A D  ---------------

Current thread (0x0000021eb9b031d0):  JavaThread "Unknown thread" [_thread_in_vm, id=18724, stack(0x0000006427200000,0x0000006427300000)]

Stack: [0x0000006427200000,0x0000006427300000]
Native frames: (J=compiled Java code, j=interpreted, Vv=VM code, C=native code)
V  [jvm.dll+0x67f6d9]
V  [jvm.dll+0x83773a]
V  [jvm.dll+0x8391fe]
V  [jvm.dll+0x839863]
V  [jvm.dll+0x247fbf]
V  [jvm.dll+0x67c519]
V  [jvm.dll+0x670f8a]
V  [jvm.dll+0x309bdb]
V  [jvm.dll+0x311086]
V  [jvm.dll+0x360a6e]
V  [jvm.dll+0x360c9f]
V  [jvm.dll+0x2e0928]
V  [jvm.dll+0x2e1894]
V  [jvm.dll+0x8090e1]
V  [jvm.dll+0x36e7c1]
V  [jvm.dll+0x7e7b06]
V  [jvm.dll+0x3f202f]
V  [jvm.dll+0x3f3b81]
C  [jli.dll+0x528f]
C  [ucrtbase.dll+0x37b0]
C  [KERNEL32.DLL+0x2e8d7]
C  [ntdll.dll+0xbbf6c]


---------------  P R O C E S S  ---------------

Threads class SMR info:
_java_thread_list=0x00007ff8a0d92f18, length=0, elements={
}

Java Threads: ( => current thread )

Other Threads:
  0x0000021eb9b5eb50 GCTaskThread "GC Thread#0" [stack: 0x0000006427300000,0x0000006427400000] [id=14704]
  0x0000021eb9b701d0 ConcurrentGCThread "G1 Main Marker" [stack: 0x0000006427400000,0x0000006427500000] [id=10284]
  0x0000021eb9b712a0 ConcurrentGCThread "G1 Conc#0" [stack: 0x0000006427500000,0x0000006427600000] [id=21148]

[error occurred during error reporting (printing all threads), id 0xc0000005, EXCEPTION_ACCESS_VIOLATION (0xc0000005) at pc=0x00007ff8a0551367]

VM state: not at safepoint (not fully initialized)

VM Mutex/Monitor currently owned by a thread:  ([mutex/lock_event])
[0x0000021eb9afcd30] Heap_lock - owner thread: 0x0000021eb9b031d0

Heap address: 0x0000000082c00000, size: 2004 MB, Compressed Oops mode: 32-bit

CDS archive(s) mapped at: [0x0000000000000000-0x0000000000000000-0x0000000000000000), size 0, SharedBaseAddress: 0x0000000800000000, ArchiveRelocationMode: 1.
Narrow klass base: 0x0000000000000000, Narrow klass shift: 0, Narrow klass range: 0x0

GC Precious Log:
<Empty>

Heap:
 garbage-first heap   total 0K, used 0K [0x0000000082c00000, 0x0000000100000000)
  region size 1024K, 0 young (0K), 0 survivors (0K)

[error occurred during error reporting (printing heap information), id 0xc0000005, EXCEPTION_ACCESS_VIOLATION (0xc0000005) at pc=0x00007ff8a0939a59]

GC Heap History (0 events):
No events

Dll operation events (1 events):
Event: 0.011 Loaded shared library C:\Program Files\Microsoft\jdk-17.0.11.9-hotspot\bin\java.dll

Deoptimization events (0 events):
No events

Classes unloaded (0 events):
No events

Classes redefined (0 events):
No events

Internal exceptions (0 events):
No events

VM Operations (0 events):
No events

Events (0 events):
No events


Dynamic libraries:
0x00007ff67fde0000 - 0x00007ff67fdee000 	C:\Program Files\Microsoft\jdk-17.0.11.9-hotspot\bin\java.exe
0x00007ff913500000 - 0x00007ff913763000 	C:\WINDOWS\SYSTEM32\ntdll.dll
0x00007ff8e9aa0000 - 0x00007ff8e9aba000 	C:\Program Files\Norton\Suite\aswhook.dll
0x00007ff912850000 - 0x00007ff912917000 	C:\WINDOWS\System32\KERNEL32.DLL
0x00007ff910700000 - 0x00007ff910ac9000 	C:\WINDOWS\System32\KERNELBASE.dll
0x00007ff910ca0000 - 0x00007ff910dec000 	C:\WINDOWS\System32\ucrtbase.dll
0x00007ff8fc4a0000 - 0x00007ff8fc4b7000 	C:\Program Files\Microsoft\jdk-17.0.11.9-hotspot\bin\jli.dll
0x00007ff8f3710000 - 0x00007ff8f372b000 	C:\Program Files\Microsoft\jdk-17.0.11.9-hotspot\bin\VCRUNTIME140.dll
0x00007ff9124a0000 - 0x00007ff91266a000 	C:\WINDOWS\System32\USER32.dll
0x00007ff8f4960000 - 0x00007ff8f4bf0000 	C:\WINDOWS\WinSxS\amd64_microsoft.windows.common-controls_6595b64144ccf1df_6.0.26100.3323_none_3e088096e3344490\COMCTL32.dll
0x00007ff911170000 - 0x00007ff911197000 	C:\WINDOWS\System32\win32u.dll
0x00007ff912470000 - 0x00007ff91249a000 	C:\WINDOWS\System32\GDI32.dll
0x00007ff911320000 - 0x00007ff9113c9000 	C:\WINDOWS\System32\msvcrt.dll
0x00007ff910b60000 - 0x00007ff910c91000 	C:\WINDOWS\System32\gdi32full.dll
0x00007ff910e90000 - 0x00007ff910f33000 	C:\WINDOWS\System32\msvcp_win.dll
0x00007ff9131d0000 - 0x00007ff9131ff000 	C:\WINDOWS\System32\IMM32.DLL
0x00007ff8fc360000 - 0x00007ff8fc36c000 	C:\Program Files\Microsoft\jdk-17.0.11.9-hotspot\bin\vcruntime140_1.dll
0x00007ff8f04b0000 - 0x00007ff8f053d000 	C:\Program Files\Microsoft\jdk-17.0.11.9-hotspot\bin\msvcp140.dll
0x00007ff8a0260000 - 0x00007ff8a0ec6000 	C:\Program Files\Microsoft\jdk-17.0.11.9-hotspot\bin\server\jvm.dll
0x00007ff9113d0000 - 0x00007ff911482000 	C:\WINDOWS\System32\ADVAPI32.dll
0x00007ff911c00000 - 0x00007ff911ca6000 	C:\WINDOWS\System32\sechost.dll
0x00007ff911820000 - 0x00007ff911936000 	C:\WINDOWS\System32\RPCRT4.dll
0x00007ff8fcdf0000 - 0x00007ff8fcdfa000 	C:\WINDOWS\SYSTEM32\WSOCK32.dll
0x00007ff90f390000 - 0x00007ff90f3de000 	C:\WINDOWS\SYSTEM32\POWRPROF.dll
0x00007ff8fa440000 - 0x00007ff8fa476000 	C:\WINDOWS\SYSTEM32\WINMM.dll
0x00007ff913360000 - 0x00007ff9133d4000 	C:\WINDOWS\System32\WS2_32.dll
0x00007ff9084b0000 - 0x00007ff9084bb000 	C:\WINDOWS\SYSTEM32\VERSION.dll
0x00007ff90f370000 - 0x00007ff90f384000 	C:\WINDOWS\SYSTEM32\UMPDC.dll
0x00007ff90f630000 - 0x00007ff90f64a000 	C:\WINDOWS\SYSTEM32\kernel.appcore.dll
0x00007ff8fc020000 - 0x00007ff8fc02a000 	C:\Program Files\Microsoft\jdk-17.0.11.9-hotspot\bin\jimage.dll
0x00007ff902710000 - 0x00007ff902951000 	C:\WINDOWS\SYSTEM32\DBGHELP.DLL
0x00007ff911490000 - 0x00007ff911812000 	C:\WINDOWS\System32\combase.dll
0x00007ff9133e0000 - 0x00007ff9134b6000 	C:\WINDOWS\System32\OLEAUT32.dll
0x00007ff902650000 - 0x00007ff902689000 	C:\WINDOWS\SYSTEM32\dbgcore.DLL
0x00007ff910df0000 - 0x00007ff910e89000 	C:\WINDOWS\System32\bcryptPrimitives.dll
0x00007ff8f0c60000 - 0x00007ff8f0c85000 	C:\Program Files\Microsoft\jdk-17.0.11.9-hotspot\bin\java.dll

dbghelp: loaded successfully - version: 4.0.5 - missing functions: none
symbol engine: initialized successfully - sym options: 0x614 - pdb path: .;C:\Program Files\Microsoft\jdk-17.0.11.9-hotspot\bin;C:\WINDOWS\SYSTEM32;C:\Program Files\Norton\Suite;C:\WINDOWS\WinSxS\amd64_microsoft.windows.common-controls_6595b64144ccf1df_6.0.26100.3323_none_3e088096e3344490;C:\Program Files\Microsoft\jdk-17.0.11.9-hotspot\bin\server

VM Arguments:
java_command: C:\Users\arifk\AppData\Local\Temp\surefire12629845737112222516\surefirebooter-20250316131143513_3.jar C:\Users\arifk\AppData\Local\Temp\surefire12629845737112222516 2025-03-16T13-11-43_301-jvmRun1 surefire-20250316131143513_1tmp surefire_0-20250316131143513_2tmp
java_class_path (initial): C:\Users\arifk\AppData\Local\Temp\surefire12629845737112222516\surefirebooter-20250316131143513_3.jar
Launcher Type: SUN_STANDARD

[Global flags]
     intx CICompilerCount                          = 4                                         {product} {ergonomic}
     uint ConcGCThreads                            = 2                                         {product} {ergonomic}
     uint G1ConcRefinementThreads                  = 8                                         {product} {ergonomic}
   size_t G1HeapRegionSize                         = 1048576                                   {product} {ergonomic}
    uintx GCDrainStackTargetSize                   = 64                                        {product} {ergonomic}
   size_t InitialHeapSize                          = 132120576                                 {product} {ergonomic}
   size_t MarkStackSize                            = 4194304                                   {product} {ergonomic}
   size_t MaxHeapSize                              = 2101346304                                {product} {ergonomic}
   size_t MinHeapDeltaBytes                        = 1048576                                   {product} {ergonomic}
   size_t MinHeapSize                              = 8388608                                   {product} {ergonomic}
    uintx NonNMethodCodeHeapSize                   = 5839372                                {pd product} {ergonomic}
    uintx NonProfiledCodeHeapSize                  = 122909434                              {pd product} {ergonomic}
    uintx ProfiledCodeHeapSize                     = 122909434                              {pd product} {ergonomic}
    uintx ReservedCodeCacheSize                    = 251658240                              {pd product} {ergonomic}
     bool SegmentedCodeCache                       = true                                      {product} {ergonomic}
   size_t SoftMaxHeapSize                          = 2101346304                             {manageable} {ergonomic}
     bool UseCompressedClassPointers               = true                           {product lp64_product} {ergonomic}
     bool UseCompressedOops                        = true                           {product lp64_product} {ergonomic}
     bool UseG1GC                                  = true                                      {product} {ergonomic}
     bool UseLargePagesIndividualAllocation        = false                                  {pd product} {ergonomic}

Logging:
Log output configuration:
 #0: stdout all=warning uptime,level,tags
 #1: stderr all=off uptime,level,tags

Environment Variables:
JAVA_HOME=C:\Program Files\Microsoft\jdk-17.0.11.9-hotspot\
PATH=C:\Program Files\Apache\Maven\bin;C:\Program Files (x86)\VMware\VMware Workstation\bin\;C:\Program Files\Microsoft\jdk-17.0.11.9-hotspot\bin;C:\Program Files\Common Files\Oracle\Java\javapath;C:\Program Files (x86)\Common Files\Oracle\Java\javapath;C:\Windows\system32;C:\Windows;C:\Windows\System32\Wbem;C:\Windows\System32\WindowsPowerShell\v1.0\;C:\Windows\System32\OpenSSH\;C:\Program Files (x86)\NVIDIA Corporation\PhysX\Common;C:\Program Files\NVIDIA Corporation\NVIDIA NvDLISR;C:\Program Files\Java\jdk1.8.0_311\bin;C:\WINDOWS\system32;C:\WINDOWS;C:\WINDOWS\System32\Wbem;C:\WINDOWS\System32\WindowsPowerShell\v1.0\;C:\WINDOWS\System32\OpenSSH\;C:\MinGW\bin;C:\Program Files\Git\cmd;C:\Program Files\MongoDB\Server\7.0\bin;C:\Program Files\Microsoft SQL Server\150\Tools\Binn\;C:\ProgramData\chocolatey\bin;C:\Program Files\nodejs\;C:\Users\arifk\AppData\Local\Android\Sdk;C:\Users\arifk\AppData\Local\Android\Sdk\platform-tools;C:\Program Files\Docker\Docker\resources\bin;C:\Users\arifk\AppData\Local\Programs\Python\Python310\Scripts\;C:\Users\arifk\AppData\Local\Programs\Python\Python310\;C:\Users\arifk\AppData\Local\Microsoft\WindowsApps;C:\Program Files\Java\jdk1.8.0_311\bin;C:\MinGW\bin;C:\Program Files\MySQL\MySQL Server 8.4\bin;C:\Users\arifk\AppData\Roaming\npm;C:\Users\arifk\AppData\Local\Android\Sdk\emulator;C:\Users\arifk\AppData\Local\Programs\Microsoft VS Code\bin;;C:\Program Files\JetBrains\IntelliJ IDEA Community Edition 2024.3.3\bin;
USERNAME=arifk
OS=Windows_NT
PROCESSOR_IDENTIFIER=Intel64 Family 6 Model 165 Stepping 2, GenuineIntel
TMP=C:\Users\arifk\AppData\Local\Temp
TEMP=C:\Users\arifk\AppData\Local\Temp



Periodic native trim disabled


---------------  S Y S T E M  ---------------

OS:
 Windows 11 , 64 bit Build 26100 (10.0.26100.3323)
OS uptime: 0 days 2:21 hours
Hyper-V role detected

CPU: total 8 (initial active 8) (4 cores per cpu, 2 threads per core) family 6 model 165 stepping 2 microcode 0xe2, cx8, cmov, fxsr, ht, mmx, 3dnowpref, sse, sse2, sse3, ssse3, sse4.1, sse4.2, popcnt, lzcnt, tsc, tscinvbit, avx, avx2, aes, erms, clmul, bmi1, bmi2, adx, fma, vzeroupper, clflush, clflushopt, hv
Processor Information for all 8 processors :
  Max Mhz: 2496, Current Mhz: 2496, Mhz Limit: 2496

Memory: 4k page, system-wide physical 8013M (1075M free)
TotalPageFile size 15781M (AvailPageFile size 116M)
current process WorkingSet (physical memory assigned to process): 12M, peak: 12M
current process commit charge ("private bytes"): 60M, peak: 186M

vm_info: OpenJDK 64-Bit Server VM (17.0.11+9-LTS) for windows-amd64 JRE (17.0.11+9-LTS), built on Apr  9 2024 22:05:54 by "MicrosoftCorporation" with MS VC++ 16.10 / 16.11 (VS2019)

END.
